Performing C SOURCE FILE Test CMAKE_HAVE_LIBC_PTHREAD failed with the following output:
Change Dir: /home/shivam/workplace/OpenStreetMap-Route-Planning/cmake-build-debug/CMakeFiles/CMakeTmp

Run Build Command(s):/usr/bin/make cmTC_a6a76/fast && /usr/bin/make -f CMakeFiles/cmTC_a6a76.dir/build.make CMakeFiles/cmTC_a6a76.dir/build
make[1]: Entering directory '/home/shivam/workplace/OpenStreetMap-Route-Planning/cmake-build-debug/CMakeFiles/CMakeTmp'
Building C object CMakeFiles/cmTC_a6a76.dir/src.c.o
/usr/bin/cc   -DCMAKE_HAVE_LIBC_PTHREAD   -o CMakeFiles/cmTC_a6a76.dir/src.c.o   -c /home/shivam/workplace/OpenStreetMap-Route-Planning/cmake-build-debug/CMakeFiles/CMakeTmp/src.c
Linking C executable cmTC_a6a76
/home/shivam/.local/share/JetBrains/Toolbox/apps/CLion/ch-0/193.5233.144/bin/cmake/linux/bin/cmake -E cmake_link_script CMakeFiles/cmTC_a6a76.dir/link.txt --verbose=1
/usr/bin/cc  -DCMAKE_HAVE_LIBC_PTHREAD    -rdynamic CMakeFiles/cmTC_a6a76.dir/src.c.o  -o cmTC_a6a76 
CMakeFiles/cmTC_a6a76.dir/src.c.o: In function `main':
src.c:(.text+0x3c): undefined reference to `pthread_create'
src.c:(.text+0x48): undefined reference to `pthread_detach'
src.c:(.text+0x59): undefined reference to `pthread_join'
src.c:(.text+0x6d): undefined reference to `pthread_atfork'
collect2: error: ld returned 1 exit status
CMakeFiles/cmTC_a6a76.dir/build.make:86: recipe for target 'cmTC_a6a76' failed
make[1]: *** [cmTC_a6a76] Error 1
make[1]: Leaving directory '/home/shivam/workplace/OpenStreetMap-Route-Planning/cmake-build-debug/CMakeFiles/CMakeTmp'
Makefile:121: recipe for target 'cmTC_a6a76/fast' failed
make: *** [cmTC_a6a76/fast] Error 2


Source file was:
#include <pthread.h>

void* test_func(void* data)
{
  return data;
}

int main(void)
{
  pthread_t thread;
  pthread_create(&thread, NULL, test_func, NULL);
  pthread_detach(thread);
  pthread_join(thread, NULL);
  pthread_atfork(NULL, NULL, NULL);
  pthread_exit(NULL);

  return 0;
}

Determining if the function pthread_create exists in the pthreads failed with the following output:
Change Dir: /home/shivam/workplace/OpenStreetMap-Route-Planning/cmake-build-debug/CMakeFiles/CMakeTmp

Run Build Command(s):/usr/bin/make cmTC_498f9/fast && /usr/bin/make -f CMakeFiles/cmTC_498f9.dir/build.make CMakeFiles/cmTC_498f9.dir/build
make[1]: Entering directory '/home/shivam/workplace/OpenStreetMap-Route-Planning/cmake-build-debug/CMakeFiles/CMakeTmp'
Building C object CMakeFiles/cmTC_498f9.dir/CheckFunctionExists.c.o
/usr/bin/cc   -DCHECK_FUNCTION_EXISTS=pthread_create   -o CMakeFiles/cmTC_498f9.dir/CheckFunctionExists.c.o   -c /home/shivam/.local/share/JetBrains/Toolbox/apps/CLion/ch-0/193.5233.144/bin/cmake/linux/share/cmake-3.15/Modules/CheckFunctionExists.c
Linking C executable cmTC_498f9
/home/shivam/.local/share/JetBrains/Toolbox/apps/CLion/ch-0/193.5233.144/bin/cmake/linux/bin/cmake -E cmake_link_script CMakeFiles/cmTC_498f9.dir/link.txt --verbose=1
/usr/bin/cc  -DCHECK_FUNCTION_EXISTS=pthread_create    -rdynamic CMakeFiles/cmTC_498f9.dir/CheckFunctionExists.c.o  -o cmTC_498f9 -lpthreads 
/usr/bin/ld: cannot find -lpthreads
collect2: error: ld returned 1 exit status
CMakeFiles/cmTC_498f9.dir/build.make:86: recipe for target 'cmTC_498f9' failed
make[1]: *** [cmTC_498f9] Error 1
make[1]: Leaving directory '/home/shivam/workplace/OpenStreetMap-Route-Planning/cmake-build-debug/CMakeFiles/CMakeTmp'
Makefile:121: recipe for target 'cmTC_498f9/fast' failed
make: *** [cmTC_498f9/fast] Error 2



